2026/2/21 22:54:46 | ========== Startup Begin ==========
2026/2/21 22:54:46 | Base Path: D:\ZhiMoAi_shuzi\
2026/2/21 22:54:46 | [OK] Main program file exists
2026/2/21 22:54:46 | [OK] Using pythonw.exe (no console)
2026/2/21 22:54:46 | Execute command: "D:\ZhiMoAi_shuzi\IndexTTS2-SonicVale\installer_files\env\pythonw.exe" "D:\ZhiMoAi_shuzi\app_backend.py"
2026/2/21 22:54:46 | [OK] Startup command executed
2026/2/21 22:54:46 | ========== Startup Complete ==========
2026/2/21 23:03:27 | ========== Startup Begin ==========
2026/2/21 23:03:27 | Base Path: D:\ZhiMoAi_shuzi\
2026/2/21 23:03:27 | [OK] Main program file exists
2026/2/21 23:03:27 | [OK] Using pythonw.exe (no console)
2026/2/21 23:03:27 | Execute command: "D:\ZhiMoAi_shuzi\IndexTTS2-SonicVale\installer_files\env\pythonw.exe" "D:\ZhiMoAi_shuzi\app_backend.py"
2026/2/21 23:03:27 | [OK] Startup command executed
2026/2/21 23:03:27 | ========== Startup Complete ==========
2026/2/21 23:07:11 | ========== Startup Begin ==========
2026/2/21 23:07:11 | Base Path: D:\ZhiMoAi_shuzi\
2026/2/21 23:07:11 | [OK] Main program file exists
2026/2/21 23:07:11 | [OK] Using pythonw.exe (no console)
2026/2/21 23:07:11 | Execute command: "D:\ZhiMoAi_shuzi\IndexTTS2-SonicVale\installer_files\env\pythonw.exe" "D:\ZhiMoAi_shuzi\app_backend.py"
2026/2/21 23:07:12 | [OK] Startup command executed
2026/2/21 23:07:12 | ========== Startup Complete ==========
2026/2/21 23:31:37 | ========== Startup Begin ==========
2026/2/21 23:31:37 | Base Path: D:\ZhiMoAi_shuzi\
2026/2/21 23:31:37 | [OK] Main program file exists
2026/2/21 23:31:37 | [OK] Using pythonw.exe (no console)
2026/2/21 23:31:37 | Execute command: "D:\ZhiMoAi_shuzi\IndexTTS2-SonicVale\installer_files\env\pythonw.exe" "D:\ZhiMoAi_shuzi\app_backend.py"
2026/2/21 23:31:37 | [OK] Startup command executed
2026/2/21 23:31:37 | ========== Startup Complete ==========
2026/2/21 23:31:47 | ========== Startup Begin ==========
2026/2/21 23:31:47 | Base Path: D:\ZhiMoAi_shuzi\
2026/2/21 23:31:47 | [OK] Main program file exists
2026/2/21 23:31:47 | [OK] Using pythonw.exe (no console)
2026/2/21 23:31:47 | Execute command: "D:\ZhiMoAi_shuzi\IndexTTS2-SonicVale\installer_files\env\pythonw.exe" "D:\ZhiMoAi_shuzi\app_backend.py"
2026/2/21 23:31:47 | [OK] Startup command executed
2026/2/21 23:31:47 | ========== Startup Complete ==========
2026/2/21 23:40:28 | ========== Startup Begin ==========
2026/2/21 23:40:28 | Base Path: D:\ZhiMoAi_shuzi\
2026/2/21 23:40:28 | [OK] Main program file exists
2026/2/21 23:40:28 | [OK] Using pythonw.exe (no console)
2026/2/21 23:40:28 | Execute command: "D:\ZhiMoAi_shuzi\IndexTTS2-SonicVale\installer_files\env\pythonw.exe" "D:\ZhiMoAi_shuzi\app_backend.py"
2026/2/21 23:40:28 | [OK] Startup command executed
2026/2/21 23:40:28 | ========== Startup Complete ==========
2026/2/21 23:43:18 | ========== Startup Begin ==========
2026/2/21 23:43:18 | Base Path: D:\ZhiMoAi_shuzi\
2026/2/21 23:43:18 | [OK] Main program file exists
2026/2/21 23:43:18 | [OK] Using pythonw.exe (no console)
2026/2/21 23:43:18 | Execute command: "D:\ZhiMoAi_shuzi\IndexTTS2-SonicVale\installer_files\env\pythonw.exe" "D:\ZhiMoAi_shuzi\app_backend.py"
2026/2/21 23:43:18 | [OK] Startup command executed
2026/2/21 23:43:18 | ========== Startup Complete ==========
2026/2/21 23:57:17 | ========== Startup Begin ==========
2026/2/21 23:57:17 | Base Path: D:\ZhiMoAi_shuzi\
2026/2/21 23:57:17 | [OK] Main program file exists
2026/2/21 23:57:17 | [OK] Using pythonw.exe (no console)
2026/2/21 23:57:17 | Execute command: "D:\ZhiMoAi_shuzi\IndexTTS2-SonicVale\installer_files\env\pythonw.exe" "D:\ZhiMoAi_shuzi\app_backend.py"
2026/2/21 23:57:17 | [OK] Startup command executed
2026/2/21 23:57:18 | ========== Startup Complete ==========
2026/2/22 0:07:24 | ========== Startup Begin ==========
2026/2/22 0:07:24 | Base Path: D:\ZhiMoAi_shuzi\
2026/2/22 0:07:24 | [OK] Main program file exists
2026/2/22 0:07:24 | [OK] Using pythonw.exe (no console)
2026/2/22 0:07:24 | Execute command: "D:\ZhiMoAi_shuzi\IndexTTS2-SonicVale\installer_files\env\pythonw.exe" "D:\ZhiMoAi_shuzi\app_backend.py"
2026/2/22 0:07:24 | [OK] Startup command executed
2026/2/22 0:07:24 | ========== Startup Complete ==========
2026/2/22 0:15:02 | ========== Startup Begin ==========
2026/2/22 0:15:02 | Base Path: D:\ZhiMoAi_shuzi\
2026/2/22 0:15:02 | [OK] Main program file exists
2026/2/22 0:15:02 | [OK] Using pythonw.exe (no console)
2026/2/22 0:15:02 | Execute command: "D:\ZhiMoAi_shuzi\IndexTTS2-SonicVale\installer_files\env\pythonw.exe" "D:\ZhiMoAi_shuzi\app_backend.py"
2026/2/22 0:15:02 | [OK] Startup command executed
2026/2/22 0:15:02 | ========== Startup Complete ==========
2026/2/22 0:17:33 | ========== Startup Begin ==========
2026/2/22 0:17:33 | Base Path: D:\ZhiMoAi_shuzi\
2026/2/22 0:17:33 | [OK] Main program file exists
2026/2/22 0:17:33 | [OK] Using pythonw.exe (no console)
2026/2/22 0:17:33 | Execute command: "D:\ZhiMoAi_shuzi\IndexTTS2-SonicVale\installer_files\env\pythonw.exe" "D:\ZhiMoAi_shuzi\app_backend.py"
2026/2/22 0:17:33 | [OK] Startup command executed
2026/2/22 0:17:33 | ========== Startup Complete ==========
2026/2/22 0:32:36 | ========== Startup Begin ==========
2026/2/22 0:32:36 | Base Path: D:\ZhiMoAi_shuzi\
2026/2/22 0:32:36 | [OK] Main program file exists
2026/2/22 0:32:36 | [OK] Using pythonw.exe (no console)
2026/2/22 0:32:36 | Execute command: "D:\ZhiMoAi_shuzi\IndexTTS2-SonicVale\installer_files\env\pythonw.exe" "D:\ZhiMoAi_shuzi\app_backend.py"
2026/2/22 0:32:36 | [OK] Startup command executed
2026/2/22 0:32:36 | ========== Startup Complete ==========
2026/2/22 0:35:04 | ========== Startup Begin ==========
2026/2/22 0:35:04 | Base Path: D:\ZhiMoAi_shuzi\
2026/2/22 0:35:04 | [OK] Main program file exists
2026/2/22 0:35:04 | [OK] Using pythonw.exe (no console)
2026/2/22 0:35:04 | Execute command: "D:\ZhiMoAi_shuzi\IndexTTS2-SonicVale\installer_files\env\pythonw.exe" "D:\ZhiMoAi_shuzi\app_backend.py"
2026/2/22 0:35:04 | [OK] Startup command executed
2026/2/22 0:35:04 | ========== Startup Complete ==========
2026/2/22 0:38:18 | ========== Startup Begin ==========
2026/2/22 0:38:18 | Base Path: D:\ZhiMoAi_shuzi\
2026/2/22 0:38:18 | [OK] Main program file exists
2026/2/22 0:38:18 | [OK] Using pythonw.exe (no console)
2026/2/22 0:38:18 | Execute command: "D:\ZhiMoAi_shuzi\IndexTTS2-SonicVale\installer_files\env\pythonw.exe" "D:\ZhiMoAi_shuzi\app_backend.py"
2026/2/22 0:38:18 | [OK] Startup command executed
2026/2/22 0:38:18 | ========== Startup Complete ==========
2026/2/22 0:39:57 | ========== Startup Begin ==========
2026/2/22 0:39:57 | Base Path: D:\ZhiMoAi_shuzi\
2026/2/22 0:39:57 | [OK] Main program file exists
2026/2/22 0:39:57 | [OK] Using pythonw.exe (no console)
2026/2/22 0:39:57 | Execute command: "D:\ZhiMoAi_shuzi\IndexTTS2-SonicVale\installer_files\env\pythonw.exe" "D:\ZhiMoAi_shuzi\app_backend.py"
2026/2/22 0:39:57 | [OK] Startup command executed
2026/2/22 0:39:58 | ========== Startup Complete ==========
2026/2/22 0:41:45 | ========== Startup Begin ==========
2026/2/22 0:41:45 | Base Path: D:\ZhiMoAi_shuzi\
2026/2/22 0:41:45 | [OK] Main program file exists
2026/2/22 0:41:45 | [OK] Using pythonw.exe (no console)
2026/2/22 0:41:45 | Execute command: "D:\ZhiMoAi_shuzi\IndexTTS2-SonicVale\installer_files\env\pythonw.exe" "D:\ZhiMoAi_shuzi\app_backend.py"
2026/2/22 0:41:45 | [OK] Startup command executed
2026/2/22 0:41:45 | ========== Startup Complete ==========
2026/2/22 0:45:52 | ========== Startup Begin ==========
2026/2/22 0:45:52 | Base Path: D:\ZhiMoAi_shuzi\
2026/2/22 0:45:53 | [OK] Main program file exists
2026/2/22 0:45:53 | [OK] Using pythonw.exe (no console)
2026/2/22 0:45:53 | Execute command: "D:\ZhiMoAi_shuzi\IndexTTS2-SonicVale\installer_files\env\pythonw.exe" "D:\ZhiMoAi_shuzi\app_backend.py"
2026/2/22 0:45:53 | [OK] Startup command executed
2026/2/22 0:45:53 | ========== Startup Complete ==========
2026/2/22 0:46:44 | ========== Startup Begin ==========
2026/2/22 0:46:44 | Base Path: D:\ZhiMoAi_shuzi\
2026/2/22 0:46:44 | [OK] Main program file exists
2026/2/22 0:46:44 | [OK] Using pythonw.exe (no console)
2026/2/22 0:46:44 | Execute command: "D:\ZhiMoAi_shuzi\IndexTTS2-SonicVale\installer_files\env\pythonw.exe" "D:\ZhiMoAi_shuzi\app_backend.py"
2026/2/22 0:46:44 | [OK] Startup command executed
2026/2/22 0:46:44 | ========== Startup Complete ==========
2026/2/22 0:51:42 | ========== Startup Begin ==========
2026/2/22 0:51:42 | Base Path: D:\ZhiMoAi_shuzi\
2026/2/22 0:51:42 | [OK] Main program file exists
2026/2/22 0:51:42 | [OK] Using pythonw.exe (no console)
2026/2/22 0:51:42 | Execute command: "D:\ZhiMoAi_shuzi\IndexTTS2-SonicVale\installer_files\env\pythonw.exe" "D:\ZhiMoAi_shuzi\app_backend.py"
2026/2/22 0:51:42 | [OK] Startup command executed
2026/2/22 0:51:42 | ========== Startup Complete ==========
2026/2/22 0:56:13 | ========== Startup Begin ==========
2026/2/22 0:56:13 | Base Path: D:\ZhiMoAi_shuzi\
2026/2/22 0:56:13 | [OK] Main program file exists
2026/2/22 0:56:13 | [OK] Using pythonw.exe (no console)
2026/2/22 0:56:13 | Execute command: "D:\ZhiMoAi_shuzi\IndexTTS2-SonicVale\installer_files\env\pythonw.exe" "D:\ZhiMoAi_shuzi\app_backend.py"
2026/2/22 0:56:13 | [OK] Startup command executed
2026/2/22 0:56:13 | ========== Startup Complete ==========
2026/2/22 1:00:24 | ========== Startup Begin ==========
2026/2/22 1:00:24 | Base Path: D:\ZhiMoAi_shuzi\
2026/2/22 1:00:24 | [OK] Main program file exists
2026/2/22 1:00:24 | [OK] Using pythonw.exe (no console)
2026/2/22 1:00:24 | Execute command: "D:\ZhiMoAi_shuzi\IndexTTS2-SonicVale\installer_files\env\pythonw.exe" "D:\ZhiMoAi_shuzi\app_backend.py"
2026/2/22 1:00:25 | [OK] Startup command executed
2026/2/22 1:00:25 | ========== Startup Complete ==========
2026/2/22 1:03:50 | ========== Startup Begin ==========
2026/2/22 1:03:50 | Base Path: D:\ZhiMoAi_shuzi\
2026/2/22 1:03:50 | [OK] Main program file exists
2026/2/22 1:03:50 | [OK] Using pythonw.exe (no console)
2026/2/22 1:03:50 | Execute command: "D:\ZhiMoAi_shuzi\IndexTTS2-SonicVale\installer_files\env\pythonw.exe" "D:\ZhiMoAi_shuzi\app_backend.py"
2026/2/22 1:03:50 | [OK] Startup command executed
2026/2/22 1:03:50 | ========== Startup Complete ==========
2026/2/22 1:07:14 | ========== Startup Begin ==========
2026/2/22 1:07:14 | Base Path: D:\ZhiMoAi_shuzi\
2026/2/22 1:07:14 | [OK] Main program file exists
2026/2/22 1:07:14 | [OK] Using pythonw.exe (no console)
2026/2/22 1:07:14 | Execute command: "D:\ZhiMoAi_shuzi\IndexTTS2-SonicVale\installer_files\env\pythonw.exe" "D:\ZhiMoAi_shuzi\app_backend.py"
2026/2/22 1:07:14 | [OK] Startup command executed
2026/2/22 1:07:14 | ========== Startup Complete ==========
2026/2/22 1:10:33 | ========== Startup Begin ==========
2026/2/22 1:10:33 | Base Path: D:\ZhiMoAi_shuzi\
2026/2/22 1:10:33 | [OK] Main program file exists
2026/2/22 1:10:33 | [OK] Using pythonw.exe (no console)
2026/2/22 1:10:33 | Execute command: "D:\ZhiMoAi_shuzi\IndexTTS2-SonicVale\installer_files\env\pythonw.exe" "D:\ZhiMoAi_shuzi\app_backend.py"
2026/2/22 1:10:33 | [OK] Startup command executed
2026/2/22 1:10:33 | ========== Startup Complete ==========
2026/2/22 1:12:16 | ========== Startup Begin ==========
2026/2/22 1:12:16 | Base Path: D:\ZhiMoAi_shuzi\
2026/2/22 1:12:16 | [OK] Main program file exists
2026/2/22 1:12:16 | [OK] Using pythonw.exe (no console)
2026/2/22 1:12:16 | Execute command: "D:\ZhiMoAi_shuzi\IndexTTS2-SonicVale\installer_files\env\pythonw.exe" "D:\ZhiMoAi_shuzi\app_backend.py"
2026/2/22 1:12:16 | [OK] Startup command executed
2026/2/22 1:12:16 | ========== Startup Complete ==========
2026/2/22 1:20:59 | ========== Startup Begin ==========
2026/2/22 1:20:59 | Base Path: D:\ZhiMoAi_shuzi\
2026/2/22 1:20:59 | [OK] Main program file exists
2026/2/22 1:20:59 | [OK] Using pythonw.exe (no console)
2026/2/22 1:20:59 | Execute command: "D:\ZhiMoAi_shuzi\IndexTTS2-SonicVale\installer_files\env\pythonw.exe" "D:\ZhiMoAi_shuzi\app_backend.py"
2026/2/22 1:20:59 | [OK] Startup command executed
2026/2/22 1:20:59 | ========== Startup Complete ==========
2026/2/22 1:21:08 | ========== Startup Begin ==========
2026/2/22 1:21:08 | Base Path: D:\ZhiMoAi_shuzi\
2026/2/22 1:21:08 | [OK] Main program file exists
2026/2/22 1:21:08 | [OK] Using pythonw.exe (no console)
2026/2/22 1:21:08 | Execute command: "D:\ZhiMoAi_shuzi\IndexTTS2-SonicVale\installer_files\env\pythonw.exe" "D:\ZhiMoAi_shuzi\app_backend.py"
2026/2/22 1:21:08 | [OK] Startup command executed
2026/2/22 1:21:08 | ========== Startup Complete ==========
2026/2/22 1:26:53 | ========== Startup Begin ==========
2026/2/22 1:26:53 | Base Path: D:\ZhiMoAi_shuzi\
2026/2/22 1:26:53 | [OK] Main program file exists
2026/2/22 1:26:53 | [OK] Using pythonw.exe (no console)
2026/2/22 1:26:53 | Execute command: "D:\ZhiMoAi_shuzi\IndexTTS2-SonicVale\installer_files\env\pythonw.exe" "D:\ZhiMoAi_shuzi\app_backend.py"
2026/2/22 1:26:54 | [OK] Startup command executed
2026/2/22 1:26:54 | ========== Startup Complete ==========
2026/2/22 1:35:34 | ========== Startup Begin ==========
2026/2/22 1:35:34 | Base Path: D:\ZhiMoAi_shuzi\
2026/2/22 1:35:34 | [OK] Main program file exists
2026/2/22 1:35:34 | [OK] Using pythonw.exe (no console)
2026/2/22 1:35:34 | Execute command: "D:\ZhiMoAi_shuzi\IndexTTS2-SonicVale\installer_files\env\pythonw.exe" "D:\ZhiMoAi_shuzi\app_backend.py"
2026/2/22 1:35:34 | [OK] Startup command executed
2026/2/22 1:35:34 | ========== Startup Complete ==========
2026/2/22 1:42:07 | ========== Startup Begin ==========
2026/2/22 1:42:07 | Base Path: D:\ZhiMoAi_shuzi\
2026/2/22 1:42:07 | [OK] Main program file exists
2026/2/22 1:42:07 | [OK] Using pythonw.exe (no console)
2026/2/22 1:42:07 | Execute command: "D:\ZhiMoAi_shuzi\IndexTTS2-SonicVale\installer_files\env\pythonw.exe" "D:\ZhiMoAi_shuzi\app_backend.py"
2026/2/22 1:42:07 | [OK] Startup command executed
2026/2/22 1:42:07 | ========== Startup Complete ==========
2026/2/22 1:47:50 | ========== Startup Begin ==========
2026/2/22 1:47:50 | Base Path: D:\ZhiMoAi_shuzi\
2026/2/22 1:47:50 | [OK] Main program file exists
2026/2/22 1:47:50 | [OK] Using pythonw.exe (no console)
2026/2/22 1:47:50 | Execute command: "D:\ZhiMoAi_shuzi\IndexTTS2-SonicVale\installer_files\env\pythonw.exe" "D:\ZhiMoAi_shuzi\app_backend.py"
2026/2/22 1:47:50 | [OK] Startup command executed
2026/2/22 1:47:50 | ========== Startup Complete ==========
2026/2/22 1:50:31 | ========== Startup Begin ==========
2026/2/22 1:50:31 | Base Path: D:\ZhiMoAi_shuzi\
2026/2/22 1:50:31 | [OK] Main program file exists
2026/2/22 1:50:31 | [OK] Using pythonw.exe (no console)
2026/2/22 1:50:31 | Execute command: "D:\ZhiMoAi_shuzi\IndexTTS2-SonicVale\installer_files\env\pythonw.exe" "D:\ZhiMoAi_shuzi\app_backend.py"
2026/2/22 1:50:31 | [OK] Startup command executed
2026/2/22 1:50:31 | ========== Startup Complete ==========
2026/2/22 1:59:48 | ========== Startup Begin ==========
2026/2/22 1:59:48 | Base Path: D:\ZhiMoAi_shuzi\
2026/2/22 1:59:48 | [OK] Main program file exists
2026/2/22 1:59:48 | [OK] Using pythonw.exe (no console)
2026/2/22 1:59:48 | Execute command: "D:\ZhiMoAi_shuzi\IndexTTS2-SonicVale\installer_files\env\pythonw.exe" "D:\ZhiMoAi_shuzi\app_backend.py"
2026/2/22 1:59:48 | [OK] Startup command executed
2026/2/22 1:59:48 | ========== Startup Complete ==========
2026/2/22 2:07:07 | ========== Startup Begin ==========
2026/2/22 2:07:07 | Base Path: D:\ZhiMoAi_shuzi\
2026/2/22 2:07:07 | [OK] Main program file exists
2026/2/22 2:07:07 | [OK] Using pythonw.exe (no console)
2026/2/22 2:07:07 | Execute command: "D:\ZhiMoAi_shuzi\IndexTTS2-SonicVale\installer_files\env\pythonw.exe" "D:\ZhiMoAi_shuzi\app_backend.py"
2026/2/22 2:07:07 | [OK] Startup command executed
2026/2/22 2:07:07 | ========== Startup Complete ==========
2026/2/22 2:12:14 | ========== Startup Begin ==========
2026/2/22 2:12:14 | Base Path: D:\ZhiMoAi_shuzi\
2026/2/22 2:12:14 | [OK] Main program file exists
2026/2/22 2:12:14 | [OK] Using pythonw.exe (no console)
2026/2/22 2:12:14 | Execute command: "D:\ZhiMoAi_shuzi\IndexTTS2-SonicVale\installer_files\env\pythonw.exe" "D:\ZhiMoAi_shuzi\app_backend.py"
2026/2/22 2:12:15 | [OK] Startup command executed
2026/2/22 2:12:15 | ========== Startup Complete ==========
2026/2/22 2:16:56 | ========== Startup Begin ==========
2026/2/22 2:16:56 | Base Path: D:\ZhiMoAi_shuzi\
2026/2/22 2:16:56 | [OK] Main program file exists
2026/2/22 2:16:56 | [OK] Using pythonw.exe (no console)
2026/2/22 2:16:56 | Execute command: "D:\ZhiMoAi_shuzi\IndexTTS2-SonicVale\installer_files\env\pythonw.exe" "D:\ZhiMoAi_shuzi\app_backend.py"
2026/2/22 2:16:56 | [OK] Startup command executed
2026/2/22 2:16:56 | ========== Startup Complete ==========
2026/2/22 2:21:00 | ========== Startup Begin ==========
2026/2/22 2:21:01 | Base Path: D:\ZhiMoAi_shuzi\
2026/2/22 2:21:01 | [OK] Main program file exists
2026/2/22 2:21:01 | [OK] Using pythonw.exe (no console)
2026/2/22 2:21:01 | Execute command: "D:\ZhiMoAi_shuzi\IndexTTS2-SonicVale\installer_files\env\pythonw.exe" "D:\ZhiMoAi_shuzi\app_backend.py"
2026/2/22 2:21:01 | [OK] Startup command executed
2026/2/22 2:21:01 | ========== Startup Complete ==========
2026/2/22 8:39:28 | ========== Startup Begin ==========
2026/2/22 8:39:28 | Base Path: D:\ZhiMoAi_shuzi\
2026/2/22 8:39:28 | [OK] Main program file exists
2026/2/22 8:39:28 | [OK] Using pythonw.exe (no console)
2026/2/22 8:39:28 | Execute command: "D:\ZhiMoAi_shuzi\IndexTTS2-SonicVale\installer_files\env\pythonw.exe" "D:\ZhiMoAi_shuzi\app_backend.py"
2026/2/22 8:39:29 | [OK] Startup command executed
2026/2/22 8:39:29 | ========== Startup Complete ==========
2026/2/22 8:55:29 | ========== Startup Begin ==========
2026/2/22 8:55:29 | Base Path: D:\ZhiMoAi_shuzi\
2026/2/22 8:55:29 | [OK] Main program file exists
2026/2/22 8:55:29 | [OK] Using pythonw.exe (no console)
2026/2/22 8:55:29 | Execute command: "D:\ZhiMoAi_shuzi\IndexTTS2-SonicVale\installer_files\env\pythonw.exe" "D:\ZhiMoAi_shuzi\app_backend.py"
2026/2/22 8:55:30 | [OK] Startup command executed
2026/2/22 8:55:30 | ========== Startup Complete ==========
2026/2/22 9:23:51 | ========== Startup Begin ==========
2026/2/22 9:23:51 | Base Path: D:\ZhiMoAi_shuzi\
2026/2/22 9:23:51 | [OK] Main program file exists
2026/2/22 9:23:51 | [OK] Using pythonw.exe (no console)
2026/2/22 9:23:51 | Execute command: "D:\ZhiMoAi_shuzi\IndexTTS2-SonicVale\installer_files\env\pythonw.exe" "D:\ZhiMoAi_shuzi\app_backend.py"
2026/2/22 9:23:51 | [OK] Startup command executed
2026/2/22 9:23:51 | ========== Startup Complete ==========
2026/2/22 9:29:46 | ========== Startup Begin ==========
2026/2/22 9:29:46 | Base Path: D:\ZhiMoAi_shuzi\
2026/2/22 9:29:46 | [OK] Main program file exists
2026/2/22 9:29:46 | [OK] Using pythonw.exe (no console)
2026/2/22 9:29:46 | Execute command: "D:\ZhiMoAi_shuzi\IndexTTS2-SonicVale\installer_files\env\pythonw.exe" "D:\ZhiMoAi_shuzi\app_backend.py"
2026/2/22 9:29:46 | [OK] Startup command executed
2026/2/22 9:29:46 | ========== Startup Complete ==========
2026/2/22 9:32:41 | ========== Startup Begin ==========
2026/2/22 9:32:41 | Base Path: D:\ZhiMoAi_shuzi\
2026/2/22 9:32:41 | [OK] Main program file exists
2026/2/22 9:32:41 | [OK] Using pythonw.exe (no console)
2026/2/22 9:32:41 | Execute command: "D:\ZhiMoAi_shuzi\IndexTTS2-SonicVale\installer_files\env\pythonw.exe" "D:\ZhiMoAi_shuzi\app_backend.py"
2026/2/22 9:32:41 | [OK] Startup command executed
2026/2/22 9:32:41 | ========== Startup Complete ==========
2026/2/22 9:33:51 | ========== Startup Begin ==========
2026/2/22 9:33:51 | Base Path: D:\ZhiMoAi_shuzi\
2026/2/22 9:33:51 | [OK] Main program file exists
2026/2/22 9:33:51 | [OK] Using pythonw.exe (no console)
2026/2/22 9:33:51 | Execute command: "D:\ZhiMoAi_shuzi\IndexTTS2-SonicVale\installer_files\env\pythonw.exe" "D:\ZhiMoAi_shuzi\app_backend.py"
2026/2/22 9:33:51 | [OK] Startup command executed
2026/2/22 9:33:51 | ========== Startup Complete ==========
2026/2/22 9:37:29 | ========== Startup Begin ==========
2026/2/22 9:37:29 | Base Path: D:\ZhiMoAi_shuzi\
2026/2/22 9:37:29 | [OK] Main program file exists
2026/2/22 9:37:29 | [OK] Using pythonw.exe (no console)
2026/2/22 9:37:29 | Execute command: "D:\ZhiMoAi_shuzi\IndexTTS2-SonicVale\installer_files\env\pythonw.exe" "D:\ZhiMoAi_shuzi\app_backend.py"
2026/2/22 9:37:29 | [OK] Startup command executed
2026/2/22 9:37:29 | ========== Startup Complete ==========
2026/2/22 9:41:04 | ========== Startup Begin ==========
2026/2/22 9:41:04 | Base Path: D:\ZhiMoAi_shuzi\
2026/2/22 9:41:04 | [OK] Main program file exists
2026/2/22 9:41:04 | [OK] Using pythonw.exe (no console)
2026/2/22 9:41:04 | Execute command: "D:\ZhiMoAi_shuzi\IndexTTS2-SonicVale\installer_files\env\pythonw.exe" "D:\ZhiMoAi_shuzi\app_backend.py"
2026/2/22 9:41:04 | [OK] Startup command executed
2026/2/22 9:41:04 | ========== Startup Complete ==========
2026/2/22 9:59:30 | ========== Startup Begin ==========
2026/2/22 9:59:30 | Base Path: D:\ZhiMoAi_shuzi\
2026/2/22 9:59:30 | [OK] Main program file exists
2026/2/22 9:59:30 | [OK] Using pythonw.exe (no console)
2026/2/22 9:59:30 | Execute command: "D:\ZhiMoAi_shuzi\IndexTTS2-SonicVale\installer_files\env\pythonw.exe" "D:\ZhiMoAi_shuzi\app_backend.py"
2026/2/22 9:59:30 | [OK] Startup command executed
2026/2/22 9:59:30 | ========== Startup Complete ==========
2026/2/22 10:04:10 | ========== Startup Begin ==========
2026/2/22 10:04:10 | Base Path: D:\ZhiMoAi_shuzi\
2026/2/22 10:04:10 | [OK] Main program file exists
2026/2/22 10:04:10 | [OK] Using pythonw.exe (no console)
2026/2/22 10:04:10 | Execute command: "D:\ZhiMoAi_shuzi\IndexTTS2-SonicVale\installer_files\env\pythonw.exe" "D:\ZhiMoAi_shuzi\app_backend.py"
2026/2/22 10:04:10 | [OK] Startup command executed
2026/2/22 10:04:10 | ========== Startup Complete ==========
2026/2/22 10:23:58 | ========== Startup Begin ==========
2026/2/22 10:23:58 | Base Path: D:\ZhiMoAi_shuzi\
2026/2/22 10:23:58 | [OK] Main program file exists
2026/2/22 10:23:58 | [OK] Using pythonw.exe (no console)
2026/2/22 10:23:58 | Execute command: "D:\ZhiMoAi_shuzi\IndexTTS2-SonicVale\installer_files\env\pythonw.exe" "D:\ZhiMoAi_shuzi\app_backend.py"
2026/2/22 10:23:58 | [OK] Startup command executed
2026/2/22 10:23:58 | ========== Startup Complete ==========
2026/2/22 10:44:37 | ========== Startup Begin ==========
2026/2/22 10:44:37 | Base Path: D:\ZhiMoAi_shuzi\
2026/2/22 10:44:37 | [OK] Main program file exists
2026/2/22 10:44:37 | [OK] Using pythonw.exe (no console)
2026/2/22 10:44:37 | Execute command: "D:\ZhiMoAi_shuzi\IndexTTS2-SonicVale\installer_files\env\pythonw.exe" "D:\ZhiMoAi_shuzi\app_backend.py"
2026/2/22 10:44:37 | [OK] Startup command executed
2026/2/22 10:44:37 | ========== Startup Complete ==========
2026/2/22 10:53:12 | ========== Startup Begin ==========
2026/2/22 10:53:12 | Base Path: D:\ZhiMoAi_shuzi\
2026/2/22 10:53:12 | [OK] Main program file exists
2026/2/22 10:53:12 | [OK] Using pythonw.exe (no console)
2026/2/22 10:53:12 | Execute command: "D:\ZhiMoAi_shuzi\IndexTTS2-SonicVale\installer_files\env\pythonw.exe" "D:\ZhiMoAi_shuzi\app_backend.py"
2026/2/22 10:53:12 | [OK] Startup command executed
2026/2/22 10:53:12 | ========== Startup Complete ==========
2026/2/22 10:58:38 | ========== Startup Begin ==========
2026/2/22 10:58:38 | Base Path: D:\ZhiMoAi_shuzi\
2026/2/22 10:58:38 | [OK] Main program file exists
2026/2/22 10:58:38 | [OK] Using pythonw.exe (no console)
2026/2/22 10:58:38 | Execute command: "D:\ZhiMoAi_shuzi\IndexTTS2-SonicVale\installer_files\env\pythonw.exe" "D:\ZhiMoAi_shuzi\app_backend.py"
2026/2/22 10:58:38 | [OK] Startup command executed
2026/2/22 10:58:38 | ========== Startup Complete ==========
2026/2/22 10:59:13 | ========== Startup Begin ==========
2026/2/22 10:59:13 | Base Path: D:\ZhiMoAi_shuzi\
2026/2/22 10:59:13 | [OK] Main program file exists
2026/2/22 10:59:13 | [OK] Using pythonw.exe (no console)
2026/2/22 10:59:13 | Execute command: "D:\ZhiMoAi_shuzi\IndexTTS2-SonicVale\installer_files\env\pythonw.exe" "D:\ZhiMoAi_shuzi\app_backend.py"
2026/2/22 10:59:13 | [OK] Startup command executed
2026/2/22 10:59:13 | ========== Startup Complete ==========
2026/2/22 11:07:45 | ========== Startup Begin ==========
2026/2/22 11:07:45 | Base Path: D:\ZhiMoAi_shuzi\
2026/2/22 11:07:45 | [OK] Main program file exists
2026/2/22 11:07:45 | [OK] Using pythonw.exe (no console)
2026/2/22 11:07:45 | Execute command: "D:\ZhiMoAi_shuzi\IndexTTS2-SonicVale\installer_files\env\pythonw.exe" "D:\ZhiMoAi_shuzi\app_backend.py"
2026/2/22 11:07:45 | [OK] Startup command executed
2026/2/22 11:07:45 | ========== Startup Complete ==========
2026/2/22 11:08:04 | ========== Startup Begin ==========
2026/2/22 11:08:04 | Base Path: D:\ZhiMoAi_shuzi\
2026/2/22 11:08:04 | [OK] Main program file exists
2026/2/22 11:08:04 | [OK] Using pythonw.exe (no console)
2026/2/22 11:08:04 | Execute command: "D:\ZhiMoAi_shuzi\IndexTTS2-SonicVale\installer_files\env\pythonw.exe" "D:\ZhiMoAi_shuzi\app_backend.py"
2026/2/22 11:08:04 | [OK] Startup command executed
2026/2/22 11:08:04 | ========== Startup Complete ==========
2026/2/22 11:08:37 | ========== Startup Begin ==========
2026/2/22 11:08:37 | Base Path: D:\ZhiMoAi_shuzi\
2026/2/22 11:08:37 | [OK] Main program file exists
2026/2/22 11:08:37 | [OK] Using pythonw.exe (no console)
2026/2/22 11:08:37 | Execute command: "D:\ZhiMoAi_shuzi\IndexTTS2-SonicVale\installer_files\env\pythonw.exe" "D:\ZhiMoAi_shuzi\app_backend.py"
2026/2/22 11:08:37 | [OK] Startup command executed
2026/2/22 11:08:37 | ========== Startup Complete ==========
2026/2/22 11:10:02 | ========== Startup Begin ==========
2026/2/22 11:10:02 | Base Path: D:\ZhiMoAi_shuzi\
2026/2/22 11:10:02 | [OK] Main program file exists
2026/2/22 11:10:02 | [OK] Using pythonw.exe (no console)
2026/2/22 11:10:02 | Execute command: "D:\ZhiMoAi_shuzi\IndexTTS2-SonicVale\installer_files\env\pythonw.exe" "D:\ZhiMoAi_shuzi\app_backend.py"
2026/2/22 11:10:02 | [OK] Startup command executed
2026/2/22 11:10:02 | ========== Startup Complete ==========
2026/2/22 11:18:51 | ========== Startup Begin ==========
2026/2/22 11:18:51 | Base Path: D:\ZhiMoAi_shuzi\
2026/2/22 11:18:51 | [OK] Main program file exists
2026/2/22 11:18:51 | [OK] Using pythonw.exe (no console)
2026/2/22 11:18:51 | Execute command: "D:\ZhiMoAi_shuzi\IndexTTS2-SonicVale\installer_files\env\pythonw.exe" "D:\ZhiMoAi_shuzi\app_backend.py"
2026/2/22 11:18:51 | [OK] Startup command executed
2026/2/22 11:18:51 | ========== Startup Complete ==========
2026/2/22 11:20:05 | ========== Startup Begin ==========
2026/2/22 11:20:05 | Base Path: D:\ZhiMoAi_shuzi\
2026/2/22 11:20:05 | [OK] Main program file exists
2026/2/22 11:20:05 | [OK] Using pythonw.exe (no console)
2026/2/22 11:20:05 | Execute command: "D:\ZhiMoAi_shuzi\IndexTTS2-SonicVale\installer_files\env\pythonw.exe" "D:\ZhiMoAi_shuzi\app_backend.py"
2026/2/22 11:20:05 | [OK] Startup command executed
2026/2/22 11:20:05 | ========== Startup Complete ==========
2026/2/22 11:24:56 | ========== Startup Begin ==========
2026/2/22 11:24:56 | Base Path: D:\ZhiMoAi_shuzi\
2026/2/22 11:24:56 | [OK] Main program file exists
2026/2/22 11:24:56 | [OK] Using pythonw.exe (no console)
2026/2/22 11:24:56 | Execute command: "D:\ZhiMoAi_shuzi\IndexTTS2-SonicVale\installer_files\env\pythonw.exe" "D:\ZhiMoAi_shuzi\app_backend.py"
2026/2/22 11:24:56 | [OK] Startup command executed
2026/2/22 11:24:56 | ========== Startup Complete ==========
2026/2/22 11:31:18 | ========== Startup Begin ==========
2026/2/22 11:31:18 | Base Path: D:\ZhiMoAi_shuzi\
2026/2/22 11:31:18 | [OK] Main program file exists
2026/2/22 11:31:18 | [OK] Using pythonw.exe (no console)
2026/2/22 11:31:18 | Execute command: "D:\ZhiMoAi_shuzi\IndexTTS2-SonicVale\installer_files\env\pythonw.exe" "D:\ZhiMoAi_shuzi\app_backend.py"
2026/2/22 11:31:18 | [OK] Startup command executed
2026/2/22 11:31:18 | ========== Startup Complete ==========
2026/2/22 11:33:56 | ========== Startup Begin ==========
2026/2/22 11:33:56 | Base Path: D:\ZhiMoAi_shuzi\
2026/2/22 11:33:56 | [OK] Main program file exists
2026/2/22 11:33:56 | [OK] Using pythonw.exe (no console)
2026/2/22 11:33:56 | Execute command: "D:\ZhiMoAi_shuzi\IndexTTS2-SonicVale\installer_files\env\pythonw.exe" "D:\ZhiMoAi_shuzi\app_backend.py"
2026/2/22 11:33:56 | [OK] Startup command executed
2026/2/22 11:33:56 | ========== Startup Complete ==========
2026/2/22 11:40:31 | ========== Startup Begin ==========
2026/2/22 11:40:31 | Base Path: D:\ZhiMoAi_shuzi\
2026/2/22 11:40:31 | [OK] Main program file exists
2026/2/22 11:40:31 | [OK] Using pythonw.exe (no console)
2026/2/22 11:40:31 | Execute command: "D:\ZhiMoAi_shuzi\IndexTTS2-SonicVale\installer_files\env\pythonw.exe" "D:\ZhiMoAi_shuzi\app_backend.py"
2026/2/22 11:40:31 | [OK] Startup command executed
2026/2/22 11:40:31 | ========== Startup Complete ==========
2026/2/22 11:42:31 | ========== Startup Begin ==========
2026/2/22 11:42:31 | Base Path: D:\ZhiMoAi_shuzi\
2026/2/22 11:42:31 | [OK] Main program file exists
2026/2/22 11:42:31 | [OK] Using pythonw.exe (no console)
2026/2/22 11:42:31 | Execute command: "D:\ZhiMoAi_shuzi\IndexTTS2-SonicVale\installer_files\env\pythonw.exe" "D:\ZhiMoAi_shuzi\app_backend.py"
2026/2/22 11:42:31 | [OK] Startup command executed
2026/2/22 11:42:31 | ========== Startup Complete ==========
2026/2/22 11:42:37 | ========== Startup Begin ==========
2026/2/22 11:42:37 | Base Path: D:\ZhiMoAi_shuzi\
2026/2/22 11:42:37 | [OK] Main program file exists
2026/2/22 11:42:37 | [OK] Using pythonw.exe (no console)
2026/2/22 11:42:38 | Execute command: "D:\ZhiMoAi_shuzi\IndexTTS2-SonicVale\installer_files\env\pythonw.exe" "D:\ZhiMoAi_shuzi\app_backend.py"
2026/2/22 11:42:38 | [OK] Startup command executed
2026/2/22 11:42:38 | ========== Startup Complete ==========
2026/2/22 11:42:45 | ========== Startup Begin ==========
2026/2/22 11:42:45 | Base Path: D:\ZhiMoAi_shuzi\
2026/2/22 11:42:45 | [OK] Main program file exists
2026/2/22 11:42:45 | [OK] Using pythonw.exe (no console)
2026/2/22 11:42:45 | Execute command: "D:\ZhiMoAi_shuzi\IndexTTS2-SonicVale\installer_files\env\pythonw.exe" "D:\ZhiMoAi_shuzi\app_backend.py"
2026/2/22 11:42:45 | [OK] Startup command executed
2026/2/22 11:42:45 | ========== Startup Complete ==========
2026/2/22 11:42:46 | ========== Startup Begin ==========
2026/2/22 11:42:46 | Base Path: D:\ZhiMoAi_shuzi\
2026/2/22 11:42:46 | [OK] Main program file exists
2026/2/22 11:42:46 | [OK] Using pythonw.exe (no console)
2026/2/22 11:42:46 | Execute command: "D:\ZhiMoAi_shuzi\IndexTTS2-SonicVale\installer_files\env\pythonw.exe" "D:\ZhiMoAi_shuzi\app_backend.py"
2026/2/22 11:42:46 | [OK] Startup command executed
2026/2/22 11:42:46 | ========== Startup Complete ==========
2026/2/22 11:50:20 | ========== Startup Begin ==========
2026/2/22 11:50:20 | Base Path: D:\ZhiMoAi_shuzi\
2026/2/22 11:50:20 | [OK] Main program file exists
2026/2/22 11:50:20 | [OK] Using pythonw.exe (no console)
2026/2/22 11:50:20 | Execute command: "D:\ZhiMoAi_shuzi\IndexTTS2-SonicVale\installer_files\env\pythonw.exe" "D:\ZhiMoAi_shuzi\app_backend.py"
2026/2/22 11:50:21 | [OK] Startup command executed
2026/2/22 11:50:21 | ========== Startup Complete ==========
2026/2/22 12:10:17 | ========== Startup Begin ==========
2026/2/22 12:10:17 | Base Path: D:\ZhiMoAi_shuzi\
2026/2/22 12:10:17 | [OK] Main program file exists
2026/2/22 12:10:17 | [OK] Using pythonw.exe (no console)
2026/2/22 12:10:17 | Execute command: "D:\ZhiMoAi_shuzi\IndexTTS2-SonicVale\installer_files\env\pythonw.exe" "D:\ZhiMoAi_shuzi\app_backend.py"
2026/2/22 12:10:17 | [OK] Startup command executed
2026/2/22 12:10:17 | ========== Startup Complete ==========
2026/2/22 12:18:53 | ========== Startup Begin ==========
2026/2/22 12:18:53 | Base Path: D:\ZhiMoAi_shuzi\
2026/2/22 12:18:53 | [OK] Main program file exists
2026/2/22 12:18:53 | [OK] Using pythonw.exe (no console)
2026/2/22 12:18:53 | Execute command: "D:\ZhiMoAi_shuzi\IndexTTS2-SonicVale\installer_files\env\pythonw.exe" "D:\ZhiMoAi_shuzi\app_backend.py"
2026/2/22 12:18:53 | [OK] Startup command executed
2026/2/22 12:18:53 | ========== Startup Complete ==========
2026/2/22 12:24:19 | ========== Startup Begin ==========
2026/2/22 12:24:19 | Base Path: D:\ZhiMoAi_shuzi\
2026/2/22 12:24:19 | [OK] Main program file exists
2026/2/22 12:24:19 | [OK] Using pythonw.exe (no console)
2026/2/22 12:24:19 | Execute command: "D:\ZhiMoAi_shuzi\IndexTTS2-SonicVale\installer_files\env\pythonw.exe" "D:\ZhiMoAi_shuzi\app_backend.py"
2026/2/22 12:24:20 | [OK] Startup command executed
2026/2/22 12:24:20 | ========== Startup Complete ==========
2026/2/22 12:47:32 | ========== Startup Begin ==========
2026/2/22 12:47:33 | Base Path: D:\ZhiMoAi_shuzi\
2026/2/22 12:47:33 | [OK] Main program file exists
2026/2/22 12:47:33 | [OK] Using pythonw.exe (no console)
2026/2/22 12:47:33 | Execute command: "D:\ZhiMoAi_shuzi\IndexTTS2-SonicVale\installer_files\env\pythonw.exe" "D:\ZhiMoAi_shuzi\app_backend.py"
2026/2/22 12:47:33 | [OK] Startup command executed
2026/2/22 12:47:33 | ========== Startup Complete ==========
2026/2/22 12:54:07 | ========== Startup Begin ==========
2026/2/22 12:54:07 | Base Path: D:\ZhiMoAi_shuzi\
2026/2/22 12:54:07 | [OK] Main program file exists
2026/2/22 12:54:07 | [OK] Using pythonw.exe (no console)
2026/2/22 12:54:07 | Execute command: "D:\ZhiMoAi_shuzi\IndexTTS2-SonicVale\installer_files\env\pythonw.exe" "D:\ZhiMoAi_shuzi\app_backend.py"
2026/2/22 12:54:07 | [OK] Startup command executed
2026/2/22 12:54:07 | ========== Startup Complete ==========
2026/2/22 13:32:16 | ========== Startup Begin ==========
2026/2/22 13:32:16 | Base Path: D:\ZhiMoAi_shuzi\
2026/2/22 13:32:16 | [OK] Main program file exists
2026/2/22 13:32:16 | [OK] Using pythonw.exe (no console)
2026/2/22 13:32:16 | Execute command: "D:\ZhiMoAi_shuzi\IndexTTS2-SonicVale\installer_files\env\pythonw.exe" "D:\ZhiMoAi_shuzi\app_backend.py"
2026/2/22 13:32:16 | [OK] Startup command executed
2026/2/22 13:32:16 | ========== Startup Complete ==========
