
============================================================
[2026-02-22 14:45:43] 收到WS响应
============================================================
原始响应: {"type":"ack","msg":"\u5df2\u63d0\u4ea4"}
解析数据: {
  "type": "ack",
  "msg": "已提交"
}

============================================================
[2026-02-22 14:45:47] 收到WS响应
============================================================
原始响应: {"type":"result","content":"错误: 请输入链接地址！"}
解析数据: {
  "type": "result",
  "content": "错误: 请输入链接地址！"
}

提取结果:
  - type: result
  - error: False
  - content_length: 12
  - content_preview: 错误: 请输入链接地址！
============================================================


============================================================
[2026-02-22 14:47:51] 收到WS响应
============================================================
原始响应: {"type":"ack","msg":"\u5df2\u63d0\u4ea4"}
解析数据: {
  "type": "ack",
  "msg": "已提交"
}

============================================================
[2026-02-22 14:47:52] 收到WS响应
============================================================
原始响应: {"type":"result","content":"错误: 请输入链接地址！","error":true}
解析数据: {
  "type": "result",
  "content": "错误: 请输入链接地址！",
  "error": true
}

提取结果:
  - type: result
  - error: True
  - content_length: 12
  - content_preview: 错误: 请输入链接地址！
============================================================


============================================================
[2026-02-22 14:48:01] 收到WS响应
============================================================
原始响应: {"type":"ack","msg":"\u5df2\u63d0\u4ea4"}
解析数据: {
  "type": "ack",
  "msg": "已提交"
}

============================================================
[2026-02-22 14:48:03] 收到WS响应
============================================================
原始响应: {"type":"result","content":"错误: 请输入链接地址！","error":true}
解析数据: {
  "type": "result",
  "content": "错误: 请输入链接地址！",
  "error": true
}

提取结果:
  - type: result
  - error: True
  - content_length: 12
  - content_preview: 错误: 请输入链接地址！
============================================================


============================================================
[2026-02-22 14:48:09] 收到WS响应
============================================================
原始响应: {"type":"ack","msg":"\u5df2\u63d0\u4ea4"}
解析数据: {
  "type": "ack",
  "msg": "已提交"
}

============================================================
[2026-02-22 14:48:27] 收到WS响应
============================================================
原始响应: {"type":"result","content":"错误: 提取失败，暂不支持该链接","error":true}
解析数据: {
  "type": "result",
  "content": "错误: 提取失败，暂不支持该链接",
  "error": true
}

提取结果:
  - type: result
  - error: True
  - content_length: 16
  - content_preview: 错误: 提取失败，暂不支持该链接
============================================================


============================================================
[2026-02-22 14:49:12] 收到WS响应
============================================================
原始响应: {"type":"ack","msg":"\u5df2\u63d0\u4ea4"}
解析数据: {
  "type": "ack",
  "msg": "已提交"
}

============================================================
[2026-02-22 14:49:23] 收到WS响应
============================================================
原始响应: {"type":"result","content":"hello,兄弟们来了，有我上次说要搭建那个实景的红包直播间啊，给大家一惊到底。\n有人说哎呀，你不露脸不行啊，露手卖不出去。\n非也啊，我以前带那个品知道吧啊。\n呃，我的一个同行啊，我的偶像，他就是全程只卖只只只露一个手，一天几千单，比我卖的好多了啊，去学习一下，不要只盯着我啊，对不对啊？\n人家就露个手啊啊，一天几千单，我都是一个小虾米啊啊，还说不露脸卖不出去，露手，那那那么多首播，人家人家就活该倒闭啊，对不对啊？\n来废话不多说，直接上实操了啊，全程搭建红包直播间OK开始来，兄弟们啊，一定到底搭建实景直播间需要什么红步啊买想做红包的啊，必须要。\n红布看到没有？\n剪刀呃，胶带，一个小凳子就OK了啊，来吧，非常so easy啊。\n在碎那心坚强的城市，他当眼泪对着机灵都的钥匙一笑了之。\n然后呢，你就只需要打一个灯就OK啦，看到没有？\n这玩意儿一个灯就行啊，往那一放，然后弄个手机手机支架。\n然后你的直播手机就放在这儿这样。\n哎，看好了，兄弟们啊，这这红包基本上都不需要怎么搭建，对不对？\nOK了，看到没有？\n一个红包直播间就这么容易啊，你上面想想价格是不是啊啊，吉祥如意，今年无亮啊，祝大姐，顺风顺水，顺财神，八方如意，来来来来来来台O了啊，来来来来来来，就这样过品不就O了嘛啊，咱先播一场，我先试一下啊，开始了啊，等一下给大家看战绩啊，好了，兄弟们，第一场已经结束了。\n有人都说红包晚了晚了，劝我别做，我就不听啊，我就做，我就干啊。\n呃卖了呃零啊，零蛋的零啊，一毛钱没卖出去啊，从早上9点到现在啊，一毛钱都没卖出去啊。\n直播间进来20个人，我也不知道咋回事啊唉。\n哎呀，反正现在令我开心的是，没有人在说你是活伙了吗？\n哎，有本事你来找我呀，找不到了吧，没卖出去，我都开心找不到我了哎。\n呃，3个小时了，将近啊一毛没卖出去啊。\n哎这个第一场直播卖不出去正常。\n哎，下午的时候我再来一场，我看到底怎么个事儿，下期见。\n"}
解析数据: {
  "type": "result",
  "content": "hello,兄弟们来了，有我上次说要搭建那个实景的红包直播间啊，给大家一惊到底。\n有人说哎呀，你不露脸不行啊，露手卖不出去。\n非也啊，我以前带那个品知道吧啊。\n呃，我的一个同行啊，我的偶像，他就是全程只卖只只只露一个手，一天几千单，比我卖的好多了啊，去学习一下，不要只盯着我啊，对不对啊？\n人家就露个手啊啊，一天几千单，我都是一个小虾米啊啊，还说不露脸卖不出去，露手，那那那么多首播，人家人家就活该倒闭啊，对不对啊？\n来废话不多说，直接上实操了啊，全程搭建红包直播间OK开始来，兄弟们啊，一定到底搭建实景直播间需要什么红步啊买想做红包的啊，必须要。\n红布看到没有？\n剪刀呃，胶带，一个小凳子就OK了啊，来吧，非常so easy啊。\n在碎那心坚强的城市，他当眼泪对着机灵都的钥匙一笑了之。\n然后呢，你就只需要打一个灯就OK啦，看到没有？\n这玩意儿一个灯就行啊，往那一放，然后弄个手机手机支架。\n然后你的直播手机就放在这儿这样。\n哎，看好了，兄弟们啊，这这红包基本上都不需要怎么搭建，对不对？\nOK了，看到没有？\n一个红包直播间就这么容易啊，你上面想想价格是不是啊啊，吉祥如意，今年无亮啊，祝大姐，顺风顺水，顺财神，八方如意，来来来来来来台O了啊，来来来来来来，就这样过品不就O了嘛啊，咱先播一场，我先试一下啊，开始了啊，等一下给大家看战绩啊，好了，兄弟们，第一场已经结束了。\n有人都说红包晚了晚了，劝我别做，我就不听啊，我就做，我就干啊。\n呃卖了呃零啊，零蛋的零啊，一毛钱没卖出去啊，从早上9点到现在啊，一毛钱都没卖出去啊。\n直播间进来20个人，我也不知道咋回事啊唉。\n哎呀，反正现在令我开心的是，没有人在说你是活伙了吗？\n哎，有本事你来找我呀，找不到了吧，没卖出去，我都开心找不到我了哎。\n呃，3个小时了，将近啊一毛没卖出去啊。\n哎这个第一场直播卖不出去正常。\n哎，下午的时候我再来一场，我看到底怎么个事儿，下期见。\n"
}

提取结果:
  - type: result
  - error: False
  - content_length: 809
  - content_preview: hello,兄弟们来了，有我上次说要搭建那个实景的红包直播间啊，给大家一惊到底。
有人说哎呀，你不露脸不行啊，露手卖不出去。
非也啊，我以前带那个品知道吧啊。
呃，我的一个同行啊，我的偶像，他就是全程只卖只只只露一个手，一天几千单，比我卖的好多了啊，去学习一下，不要只盯着我啊，对不对啊？
人家就露个手啊啊，一天几千单，我都是一个小虾米啊啊，还说不露脸卖不出去，露手，那那那么多首播，人家人家就活该倒
============================================================

