2026-02-24 13:38:49,889 [INFO] ================================================================================
2026-02-24 13:38:49,889 [INFO] 织梦AI大模型 v2.0 启动器
2026-02-24 13:38:49,889 [INFO] 启动时间: 2026-02-24 13:38:49
2026-02-24 13:38:49,889 [INFO] 工作目录: D:\ZhiMoAi_shuzi
2026-02-24 13:38:49,889 [INFO] ================================================================================
2026-02-24 13:38:49,889 [INFO] [1/3] 清理超大日志文件...
2026-02-24 13:38:49,921 [INFO] [2/3] 检查运行环境...
2026-02-24 13:38:49,921 [INFO]   找到Python: D:\ZhiMoAi_shuzi\_internal_tts\installer_files\env\python.exe
2026-02-24 13:38:49,921 [INFO]   使用源代码版本: D:\ZhiMoAi_shuzi\app_backend.py
2026-02-24 13:38:49,921 [INFO] [3/3] 启动应用...
2026-02-24 13:38:49,921 [INFO] Python: D:\ZhiMoAi_shuzi\_internal_tts\installer_files\env\python.exe
2026-02-24 13:38:49,921 [INFO] 主程序: D:\ZhiMoAi_shuzi\app_backend.py
2026-02-24 13:38:49,921 [INFO]   使用pythonw.exe
2026-02-24 13:38:49,923 [INFO] 应用已启动 (PID: 6700)
2026-02-24 13:38:49,923 [INFO] ================================================================================
2026-02-24 13:46:13,467 [INFO] ================================================================================
2026-02-24 13:46:13,468 [INFO] 织梦AI大模型 v2.0 启动器
2026-02-24 13:46:13,468 [INFO] 启动时间: 2026-02-24 13:46:13
2026-02-24 13:46:13,468 [INFO] 工作目录: D:\ZhiMoAi_shuzi
2026-02-24 13:46:13,468 [INFO] ================================================================================
2026-02-24 13:46:13,468 [INFO] [1/3] 清理超大日志文件...
2026-02-24 13:46:13,512 [INFO] [2/3] 检查运行环境...
2026-02-24 13:46:13,512 [INFO]   找到Python: D:\ZhiMoAi_shuzi\_internal_tts\installer_files\env\python.exe
2026-02-24 13:46:13,512 [INFO]   使用源代码版本: D:\ZhiMoAi_shuzi\app_backend.py
2026-02-24 13:46:13,512 [INFO] [3/3] 启动应用...
2026-02-24 13:46:13,512 [INFO] Python: D:\ZhiMoAi_shuzi\_internal_tts\installer_files\env\python.exe
2026-02-24 13:46:13,512 [INFO] 主程序: D:\ZhiMoAi_shuzi\app_backend.py
2026-02-24 13:46:13,512 [INFO]   使用pythonw.exe
2026-02-24 13:46:13,515 [INFO] 应用已启动 (PID: 10836)
2026-02-24 13:46:13,515 [INFO] ================================================================================
